     1 00000000                                 [FORMAT "WCOFF"]
     2 00000000                                 [INSTRSET "i486p"]
     3 00000000                                 [OPTIMIZE 1]
     4 00000000                                 [OPTION 1]
     5 00000000                                 [BITS 32]
     6 00000000                                 	EXTERN	_load_gdtr
     7 00000000                                 	EXTERN	_load_idtr
     8 00000000                                 	EXTERN	_asm_irq_handler1
     9 00000000                                 	EXTERN	_asm_irq_handler7
    10 00000000                                 	EXTERN	_asm_irq_handler12
    11 00000000                                 [FILE "dsctbl.c"]
    12                                          [SECTION .text]
    13 00000000                                 	GLOBAL	_set_segm_desc
    14 00000000                                 _set_segm_desc:
    15 00000000 55                              	PUSH	EBP
    16 00000001 89 E5                           	MOV	EBP,ESP
    17 00000003 53                              	PUSH	EBX
    18 00000004 8B 55 0C                        	MOV	EDX,DWORD [12+EBP]
    19 00000007 8B 4D 10                        	MOV	ECX,DWORD [16+EBP]
    20 0000000A 8B 5D 08                        	MOV	EBX,DWORD [8+EBP]
    21 0000000D 8B 45 14                        	MOV	EAX,DWORD [20+EBP]
    22 00000010 81 FA 000FFFFF                  	CMP	EDX,1048575
    23 00000016 76 08                           	JBE	L2
    24 00000018 C1 EA 0C                        	SHR	EDX,12
    25 0000001B 0D 00008000                     	OR	EAX,32768
    26 00000020                                 L2:
    27 00000020 66 89 13                        	MOV	WORD [EBX],DX
    28 00000023 88 43 05                        	MOV	BYTE [5+EBX],AL
    29 00000026 C1 EA 10                        	SHR	EDX,16
    30 00000029 C1 F8 08                        	SAR	EAX,8
    31 0000002C 83 E2 0F                        	AND	EDX,15
    32 0000002F 66 89 4B 02                     	MOV	WORD [2+EBX],CX
    33 00000033 83 E0 F0                        	AND	EAX,-16
    34 00000036 C1 F9 10                        	SAR	ECX,16
    35 00000039 09 C2                           	OR	EDX,EAX
    36 0000003B 88 4B 04                        	MOV	BYTE [4+EBX],CL
    37 0000003E 88 53 06                        	MOV	BYTE [6+EBX],DL
    38 00000041 C1 F9 08                        	SAR	ECX,8
    39 00000044 88 4B 07                        	MOV	BYTE [7+EBX],CL
    40 00000047 5B                              	POP	EBX
    41 00000048 5D                              	POP	EBP
    42 00000049 C3                              	RET
    43 0000004A                                 	GLOBAL	_set_gate_desc
    44 0000004A                                 _set_gate_desc:
    45 0000004A 55                              	PUSH	EBP
    46 0000004B 89 E5                           	MOV	EBP,ESP
    47 0000004D 53                              	PUSH	EBX
    48 0000004E 8B 55 08                        	MOV	EDX,DWORD [8+EBP]
    49 00000051 8B 45 10                        	MOV	EAX,DWORD [16+EBP]
    50 00000054 8B 5D 14                        	MOV	EBX,DWORD [20+EBP]
    51 00000057 8B 4D 0C                        	MOV	ECX,DWORD [12+EBP]
    52 0000005A 66 89 42 02                     	MOV	WORD [2+EDX],AX
    53 0000005E 88 5A 05                        	MOV	BYTE [5+EDX],BL
    54 00000061 66 89 0A                        	MOV	WORD [EDX],CX
    55 00000064 89 D8                           	MOV	EAX,EBX
    56 00000066 C1 F8 08                        	SAR	EAX,8
    57 00000069 C1 F9 10                        	SAR	ECX,16
    58 0000006C 88 42 04                        	MOV	BYTE [4+EDX],AL
    59 0000006F 66 89 4A 06                     	MOV	WORD [6+EDX],CX
    60 00000073 5B                              	POP	EBX
    61 00000074 5D                              	POP	EBP
    62 00000075 C3                              	RET
    63 00000076                                 	GLOBAL	_init_gdt_idt
    64 00000076                                 _init_gdt_idt:
    65 00000076 55                              	PUSH	EBP
    66 00000077 89 E5                           	MOV	EBP,ESP
    67 00000079 56                              	PUSH	ESI
    68 0000007A 53                              	PUSH	EBX
    69 0000007B BE 00270000                     	MOV	ESI,2555904
    70 00000080 BB 00001FFF                     	MOV	EBX,8191
    71 00000085                                 L9:
    72 00000085 6A 00                           	PUSH	0
    73 00000087 6A 00                           	PUSH	0
    74 00000089 6A 00                           	PUSH	0
    75 0000008B 56                              	PUSH	ESI
    76 0000008C 83 C6 08                        	ADD	ESI,8
    77 0000008F E8 FFFFFF6C                     	CALL	_set_segm_desc
    78 00000094 83 C4 10                        	ADD	ESP,16
    79 00000097 4B                              	DEC	EBX
    80 00000098 79 EB                           	JNS	L9
    81 0000009A 68 00004092                     	PUSH	16530
    82 0000009F BE 0026F800                     	MOV	ESI,2553856
    83 000000A4 6A 00                           	PUSH	0
    84 000000A6 BB 000000FF                     	MOV	EBX,255
    85 000000AB 6A FF                           	PUSH	-1
    86 000000AD 68 00270008                     	PUSH	2555912
    87 000000B2 E8 FFFFFF49                     	CALL	_set_segm_desc
    88 000000B7 68 0000409A                     	PUSH	16538
    89 000000BC 68 00280000                     	PUSH	2621440
    90 000000C1 68 0007FFFF                     	PUSH	524287
    91 000000C6 68 00270010                     	PUSH	2555920
    92 000000CB E8 FFFFFF30                     	CALL	_set_segm_desc
    93 000000D0 83 C4 20                        	ADD	ESP,32
    94 000000D3 68 00270000                     	PUSH	2555904
    95 000000D8 68 0000FFFF                     	PUSH	65535
    96 000000DD E8 [00000000]                   	CALL	_load_gdtr
    97 000000E2 58                              	POP	EAX
    98 000000E3 5A                              	POP	EDX
    99 000000E4                                 L14:
   100 000000E4 6A 00                           	PUSH	0
   101 000000E6 6A 00                           	PUSH	0
   102 000000E8 6A 00                           	PUSH	0
   103 000000EA 56                              	PUSH	ESI
   104 000000EB 83 C6 08                        	ADD	ESI,8
   105 000000EE E8 FFFFFF57                     	CALL	_set_gate_desc
   106 000000F3 83 C4 10                        	ADD	ESP,16
   107 000000F6 4B                              	DEC	EBX
   108 000000F7 79 EB                           	JNS	L14
   109 000000F9 68 0026F800                     	PUSH	2553856
   110 000000FE 68 000007FF                     	PUSH	2047
   111 00000103 E8 [00000000]                   	CALL	_load_idtr
   112 00000108 68 0000008E                     	PUSH	142
   113 0000010D 6A 10                           	PUSH	16
   114 0000010F 68 [00000000]                   	PUSH	_asm_irq_handler1
   115 00000114 68 0026F908                     	PUSH	2554120
   116 00000119 E8 FFFFFF2C                     	CALL	_set_gate_desc
   117 0000011E 68 0000008E                     	PUSH	142
   118 00000123 6A 10                           	PUSH	16
   119 00000125 68 [00000000]                   	PUSH	_asm_irq_handler7
   120 0000012A 68 0026F938                     	PUSH	2554168
   121 0000012F E8 FFFFFF16                     	CALL	_set_gate_desc
   122 00000134 83 C4 28                        	ADD	ESP,40
   123 00000137 68 0000008E                     	PUSH	142
   124 0000013C 6A 10                           	PUSH	16
   125 0000013E 68 [00000000]                   	PUSH	_asm_irq_handler12
   126 00000143 68 0026F960                     	PUSH	2554208
   127 00000148 E8 FFFFFEFD                     	CALL	_set_gate_desc
   128 0000014D 8D 65 F8                        	LEA	ESP,DWORD [-8+EBP]
   129 00000150 5B                              	POP	EBX
   130 00000151 5E                              	POP	ESI
   131 00000152 5D                              	POP	EBP
   132 00000153 C3                              	RET
