     1 00000000                                 [FORMAT "WCOFF"]
     2 00000000                                 [INSTRSET "i486p"]
     3 00000000                                 [OPTIMIZE 1]
     4 00000000                                 [OPTION 1]
     5 00000000                                 [BITS 32]
     6 00000000                                 	EXTERN	_outb
     7 00000000                                 	EXTERN	_io_sti
     8 00000000                                 	EXTERN	_inb
     9 00000000                                 	EXTERN	_put_bdata_fifo
    10 00000000                                 	EXTERN	_box_fill
    11 00000000                                 	EXTERN	_draw_ascii_font8
    12 00000000                                 [FILE "irq.c"]
    13                                          [SECTION .text]
    14 00000000                                 	GLOBAL	_init_pic
    15 00000000                                 _init_pic:
    16 00000000 55                              	PUSH	EBP
    17 00000001 89 E5                           	MOV	EBP,ESP
    18 00000003 68 000000FF                     	PUSH	255
    19 00000008 6A 21                           	PUSH	33
    20 0000000A E8 [00000000]                   	CALL	_outb
    21 0000000F 68 000000FF                     	PUSH	255
    22 00000014 68 000000A1                     	PUSH	161
    23 00000019 E8 [00000000]                   	CALL	_outb
    24 0000001E 6A 11                           	PUSH	17
    25 00000020 6A 20                           	PUSH	32
    26 00000022 E8 [00000000]                   	CALL	_outb
    27 00000027 6A 20                           	PUSH	32
    28 00000029 6A 21                           	PUSH	33
    29 0000002B E8 [00000000]                   	CALL	_outb
    30 00000030 83 C4 20                        	ADD	ESP,32
    31 00000033 6A 04                           	PUSH	4
    32 00000035 6A 21                           	PUSH	33
    33 00000037 E8 [00000000]                   	CALL	_outb
    34 0000003C 6A 01                           	PUSH	1
    35 0000003E 6A 21                           	PUSH	33
    36 00000040 E8 [00000000]                   	CALL	_outb
    37 00000045 6A 11                           	PUSH	17
    38 00000047 68 000000A0                     	PUSH	160
    39 0000004C E8 [00000000]                   	CALL	_outb
    40 00000051 6A 28                           	PUSH	40
    41 00000053 68 000000A1                     	PUSH	161
    42 00000058 E8 [00000000]                   	CALL	_outb
    43 0000005D 83 C4 20                        	ADD	ESP,32
    44 00000060 6A 02                           	PUSH	2
    45 00000062 68 000000A1                     	PUSH	161
    46 00000067 E8 [00000000]                   	CALL	_outb
    47 0000006C 6A 01                           	PUSH	1
    48 0000006E 68 000000A1                     	PUSH	161
    49 00000073 E8 [00000000]                   	CALL	_outb
    50 00000078 68 000000FB                     	PUSH	251
    51 0000007D 6A 21                           	PUSH	33
    52 0000007F E8 [00000000]                   	CALL	_outb
    53 00000084 68 000000FF                     	PUSH	255
    54 00000089 68 000000A1                     	PUSH	161
    55 0000008E E8 [00000000]                   	CALL	_outb
    56 00000093 83 C4 20                        	ADD	ESP,32
    57 00000096 C9                              	LEAVE
    58 00000097 E9 [00000000]                   	JMP	_io_sti
    59                                          [SECTION .data]
    60 00000000                                 LC0:
    61 00000000 6B 65 79 62 6F 61 72 64 00      	DB	"keyboard",0x00
    62                                          [SECTION .text]
    63 0000009C                                 	GLOBAL	_irq_handler1
    64 0000009C                                 _irq_handler1:
    65 0000009C 55                              	PUSH	EBP
    66 0000009D 89 E5                           	MOV	EBP,ESP
    67 0000009F 6A 61                           	PUSH	97
    68 000000A1 6A 20                           	PUSH	32
    69 000000A3 E8 [00000000]                   	CALL	_outb
    70 000000A8 6A 60                           	PUSH	96
    71 000000AA E8 [00000000]                   	CALL	_inb
    72 000000AF 68 [00000000]                   	PUSH	LC0
    73 000000B4 0F B6 C0                        	MOVZX	EAX,AL
    74 000000B7 50                              	PUSH	EAX
    75 000000B8 E8 [00000000]                   	CALL	_put_bdata_fifo
    76 000000BD C9                              	LEAVE
    77 000000BE C3                              	RET
    78                                          [SECTION .data]
    79 00000009                                 LC1:
    80 00000009 49 4E 54 20 32 43 20 28 49 52   	DB	"INT 2C (IRQ-12) : PS/2 mouse",0x00
       00000013 51 2D 31 32 29 20 3A 20 50 53 
       0000001D 2F 32 20 6D 6F 75 73 65 00 
    81                                          [SECTION .text]
    82 000000BF                                 	GLOBAL	_irq_handler12
    83 000000BF                                 _irq_handler12:
    84 000000BF 55                              	PUSH	EBP
    85 000000C0 89 E5                           	MOV	EBP,ESP
    86 000000C2 6A 0F                           	PUSH	15
    87 000000C4 68 000000FF                     	PUSH	255
    88 000000C9 6A 00                           	PUSH	0
    89 000000CB 6A 00                           	PUSH	0
    90 000000CD 6A 00                           	PUSH	0
    91 000000CF E8 [00000000]                   	CALL	_box_fill
    92 000000D4 68 [00000009]                   	PUSH	LC1
    93 000000D9 6A 07                           	PUSH	7
    94 000000DB 6A 00                           	PUSH	0
    95 000000DD 6A 00                           	PUSH	0
    96 000000DF E8 [00000000]                   	CALL	_draw_ascii_font8
    97 000000E4 C9                              	LEAVE
    98 000000E5 C3                              	RET
    99 000000E6                                 	GLOBAL	_irq_handler7
   100 000000E6                                 _irq_handler7:
   101 000000E6 55                              	PUSH	EBP
   102 000000E7 89 E5                           	MOV	EBP,ESP
   103 000000E9 6A 67                           	PUSH	103
   104 000000EB 6A 20                           	PUSH	32
   105 000000ED E8 [00000000]                   	CALL	_outb
   106 000000F2 C9                              	LEAVE
   107 000000F3 C3                              	RET
